app/build/intermediates/manifest_merge_blame_file/debug/manifest-merger-blame-debug-report.txt
1<?xml version="1.0" encoding="utf-8"?>
2<manifest xmlns:android="http://schemas.android.com/apk/res/android"
3    package="com.petanalyzer"
4    android:versionCode="1"
5    android:versionName="1.0" >
6
7    <uses-sdk
8        android:minSdkVersion="26"
9        android:targetSdkVersion="34" />
10
11    <uses-permission android:name="android.permission.CAMERA" />
11-->src\main\AndroidManifest.xml:4:5-65
11-->src\main\AndroidManifest.xml:4:22-62
12
13    <uses-feature
13-->src\main\AndroidManifest.xml:6:5-84
14        android:name="android.hardware.camera"
14-->src\main\AndroidManifest.xml:6:19-57
15        android:required="true" />
15-->src\main\AndroidManifest.xml:6:58-81
16    <!-- For remote config -->
17    <uses-permission android:name="android.permission.ACCESS_NETWORK_STATE" />
17-->[com.google.mlkit:object-detection:17.0.1] AndroidManifest.xml:7:5-79
17-->[com.google.mlkit:object-detection:17.0.1] AndroidManifest.xml:7:22-76
18    <uses-permission android:name="android.permission.INTERNET" />
18-->[com.google.mlkit:object-detection:17.0.1] AndroidManifest.xml:8:5-67
18-->[com.google.mlkit:object-detection:17.0.1] AndroidManifest.xml:8:22-64
19    <uses-permission android:name="android.permission.WAKE_LOCK" />
19-->[androidx.work:work-runtime:2.7.0] AndroidManifest.xml:25:5-68
19-->[androidx.work:work-runtime:2.7.0] AndroidManifest.xml:25:22-65
20    <uses-permission android:name="android.permission.RECEIVE_BOOT_COMPLETED" />
20-->[androidx.work:work-runtime:2.7.0] AndroidManifest.xml:27:5-81
20-->[androidx.work:work-runtime:2.7.0] AndroidManifest.xml:27:22-78
21    <uses-permission android:name="android.permission.FOREGROUND_SERVICE" />
21-->[androidx.work:work-runtime:2.7.0] AndroidManifest.xml:28:5-77
21-->[androidx.work:work-runtime:2.7.0] AndroidManifest.xml:28:22-74
22
23    <permission
23-->[androidx.core:core:1.12.0] AndroidManifest.xml:22:5-24:47
24        android:name="com.petanalyzer.DYNAMIC_RECEIVER_NOT_EXPORTED_PERMISSION"
24-->[androidx.core:core:1.12.0] AndroidManifest.xml:23:9-81
25        android:protectionLevel="signature" />
25-->[androidx.core:core:1.12.0] AndroidManifest.xml:24:9-44
26
27    <uses-permission android:name="com.petanalyzer.DYNAMIC_RECEIVER_NOT_EXPORTED_PERMISSION" />
27-->[androidx.core:core:1.12.0] AndroidManifest.xml:26:5-97
27-->[androidx.core:core:1.12.0] AndroidManifest.xml:26:22-94
28
29    <application
29-->src\main\AndroidManifest.xml:8:5-26:19
30        android:name="com.petanalyzer.PetAnalyzerApp"
30-->src\main\AndroidManifest.xml:9:9-39
31        android:allowBackup="true"
31-->src\main\AndroidManifest.xml:10:9-35
32        android:appComponentFactory="androidx.core.app.CoreComponentFactory"
32-->[androidx.core:core:1.12.0] AndroidManifest.xml:28:18-86
33        android:debuggable="true"
34        android:extractNativeLibs="false"
35        android:icon="@mipmap/ic_launcher"
35-->src\main\AndroidManifest.xml:11:9-43
36        android:label="@string/app_name"
36-->src\main\AndroidManifest.xml:12:9-41
37        android:supportsRtl="true"
37-->src\main\AndroidManifest.xml:13:9-35
38        android:theme="@style/Theme.PetAnalyzer" >
38-->src\main\AndroidManifest.xml:14:9-49
39        <activity
39-->src\main\AndroidManifest.xml:16:9-25:20
40            android:name="com.petanalyzer.MainActivity"
40-->src\main\AndroidManifest.xml:17:13-41
41            android:exported="true"
41-->src\main\AndroidManifest.xml:18:13-36
42            android:screenOrientation="portrait"
42-->src\main\AndroidManifest.xml:19:13-49
43            android:windowSoftInputMode="adjustResize" >
43-->src\main\AndroidManifest.xml:20:13-55
44            <intent-filter>
44-->src\main\AndroidManifest.xml:21:13-24:29
45                <action android:name="android.intent.action.MAIN" />
45-->src\main\AndroidManifest.xml:22:17-69
45-->src\main\AndroidManifest.xml:22:25-66
46
47                <category android:name="android.intent.category.LAUNCHER" />
47-->src\main\AndroidManifest.xml:23:17-77
47-->src\main\AndroidManifest.xml:23:27-74
48            </intent-filter>
49        </activity>
50
51        <service
51-->[androidx.camera:camera-camera2:1.3.1] AndroidManifest.xml:24:9-33:19
52            android:name="androidx.camera.core.impl.MetadataHolderService"
52-->[androidx.camera:camera-camera2:1.3.1] AndroidManifest.xml:25:13-75
53            android:enabled="false"
53-->[androidx.camera:camera-camera2:1.3.1] AndroidManifest.xml:26:13-36
54            android:exported="false" >
54-->[androidx.camera:camera-camera2:1.3.1] AndroidManifest.xml:27:13-37
55            <meta-data
55-->[androidx.camera:camera-camera2:1.3.1] AndroidManifest.xml:30:13-32:89
56                android:name="androidx.camera.core.impl.MetadataHolderService.DEFAULT_CONFIG_PROVIDER"
56-->[androidx.camera:camera-camera2:1.3.1] AndroidManifest.xml:31:17-103
57                android:value="androidx.camera.camera2.Camera2Config$DefaultProvider" />
57-->[androidx.camera:camera-camera2:1.3.1] AndroidManifest.xml:32:17-86
58        </service>
59        <service
59-->[com.google.mlkit:object-detection:17.0.1] AndroidManifest.xml:11:9-17:19
60            android:name="com.google.mlkit.common.internal.MlKitComponentDiscoveryService"
60-->[com.google.mlkit:object-detection:17.0.1] AndroidManifest.xml:12:13-91
61            android:directBootAware="true"
61-->[com.google.mlkit:common:18.11.0] AndroidManifest.xml:17:13-43
62            android:exported="false" >
62-->[com.google.mlkit:object-detection:17.0.1] AndroidManifest.xml:13:13-37
63            <meta-data
63-->[com.google.mlkit:object-detection:17.0.1] AndroidManifest.xml:14:13-16:85
64                android:name="com.google.firebase.components:com.google.mlkit.vision.objects.defaults.internal.DefaultObjectsRegistrar"
64-->[com.google.mlkit:object-detection:17.0.1] AndroidManifest.xml:15:17-136
65                android:value="com.google.firebase.components.ComponentRegistrar" />
65-->[com.google.mlkit:object-detection:17.0.1] AndroidManifest.xml:16:17-82
66            <meta-data
66-->[com.google.mlkit:pose-detection-common:18.0.0-beta5] AndroidManifest.xml:29:13-31:85
67                android:name="com.google.firebase.components:com.google.mlkit.vision.pose.internal.PoseRegistrar"
67-->[com.google.mlkit:pose-detection-common:18.0.0-beta5] AndroidManifest.xml:30:17-114
68                android:value="com.google.firebase.components.ComponentRegistrar" />
68-->[com.google.mlkit:pose-detection-common:18.0.0-beta5] AndroidManifest.xml:31:17-82
69            <meta-data
69-->[com.google.mlkit:vision-internal-vkp:18.2.2] AndroidManifest.xml:14:13-16:85
70                android:name="com.google.firebase.components:com.google.mlkit.vision.vkp.VkpRegistrar"
70-->[com.google.mlkit:vision-internal-vkp:18.2.2] AndroidManifest.xml:15:17-103
71                android:value="com.google.firebase.components.ComponentRegistrar" />
71-->[com.google.mlkit:vision-internal-vkp:18.2.2] AndroidManifest.xml:16:17-82
72            <meta-data
72-->[com.google.mlkit:vision-common:17.3.0] AndroidManifest.xml:12:13-14:85
73                android:name="com.google.firebase.components:com.google.mlkit.vision.common.internal.VisionCommonRegistrar"
73-->[com.google.mlkit:vision-common:17.3.0] AndroidManifest.xml:13:17-124
74                android:value="com.google.firebase.components.ComponentRegistrar" />
74-->[com.google.mlkit:vision-common:17.3.0] AndroidManifest.xml:14:17-82
75            <meta-data
75-->[com.google.mlkit:common:18.11.0] AndroidManifest.xml:20:13-22:85
76                android:name="com.google.firebase.components:com.google.mlkit.common.internal.CommonComponentRegistrar"
76-->[com.google.mlkit:common:18.11.0] AndroidManifest.xml:21:17-120
77                android:value="com.google.firebase.components.ComponentRegistrar" />
77-->[com.google.mlkit:common:18.11.0] AndroidManifest.xml:22:17-82
78        </service>
79        <!--
80             Required for ML Kit Pose Detection GPU acceleration. Applications that target Android
81             S+ require explicit declaration of any referenced vendor-provided libraries.
82        -->
83        <uses-native-library
83-->[com.google.mlkit:pose-detection-common:18.0.0-beta5] AndroidManifest.xml:16:9-18:40
84            android:name="libOpenCL.so"
84-->[com.google.mlkit:pose-detection-common:18.0.0-beta5] AndroidManifest.xml:17:13-40
85            android:required="false" />
85-->[com.google.mlkit:pose-detection-common:18.0.0-beta5] AndroidManifest.xml:18:13-37
86        <uses-native-library
86-->[com.google.mlkit:pose-detection-common:18.0.0-beta5] AndroidManifest.xml:16:9-18:40
87            android:name="libOpenCL-car.so"
87-->[com.google.mlkit:pose-detection-common:18.0.0-beta5] AndroidManifest.xml:17:13-40
88            android:required="false" />
88-->[com.google.mlkit:pose-detection-common:18.0.0-beta5] AndroidManifest.xml:18:13-37
89        <uses-native-library
89-->[com.google.mlkit:pose-detection-common:18.0.0-beta5] AndroidManifest.xml:16:9-18:40
90            android:name="libOpenCL-pixel.so"
90-->[com.google.mlkit:pose-detection-common:18.0.0-beta5] AndroidManifest.xml:17:13-40
91            android:required="false" />
91-->[com.google.mlkit:pose-detection-common:18.0.0-beta5] AndroidManifest.xml:18:13-37
92
93        <provider
93-->[com.google.mlkit:common:18.11.0] AndroidManifest.xml:9:9-13:38
94            android:name="com.google.mlkit.common.internal.MlKitInitProvider"
94-->[com.google.mlkit:common:18.11.0] AndroidManifest.xml:10:13-78
95            android:authorities="com.petanalyzer.mlkitinitprovider"
95-->[com.google.mlkit:common:18.11.0] AndroidManifest.xml:11:13-69
96            android:exported="false"
96-->[com.google.mlkit:common:18.11.0] AndroidManifest.xml:12:13-37
97            android:initOrder="99" />
97-->[com.google.mlkit:common:18.11.0] AndroidManifest.xml:13:13-35
98
99        <service
99-->[com.google.mlkit:acceleration:16.0.0-beta2] AndroidManifest.xml:8:9-11:68
100            android:name="com.google.mlkit.acceleration.internal.MlKitRemoteWorkerService"
100-->[com.google.mlkit:acceleration:16.0.0-beta2] AndroidManifest.xml:9:13-91
101            android:exported="false"
101-->[com.google.mlkit:acceleration:16.0.0-beta2] AndroidManifest.xml:10:13-37
102            android:process=":mlkit_acceleration_mini_benchmark" />
102-->[com.google.mlkit:acceleration:16.0.0-beta2] AndroidManifest.xml:11:13-65
103
104        <activity
104-->[com.google.android.gms:play-services-base:18.5.0] AndroidManifest.xml:5:9-173
105            android:name="com.google.android.gms.common.api.GoogleApiActivity"
105-->[com.google.android.gms:play-services-base:18.5.0] AndroidManifest.xml:5:19-85
106            android:exported="false"
106-->[com.google.android.gms:play-services-base:18.5.0] AndroidManifest.xml:5:146-170
107            android:theme="@android:style/Theme.Translucent.NoTitleBar" />
107-->[com.google.android.gms:play-services-base:18.5.0] AndroidManifest.xml:5:86-145
108
109        <meta-data
109-->[com.google.android.gms:play-services-basement:18.4.0] AndroidManifest.xml:6:9-122
110            android:name="com.google.android.gms.version"
110-->[com.google.android.gms:play-services-basement:18.4.0] AndroidManifest.xml:6:20-65
111            android:value="@integer/google_play_services_version" />
111-->[com.google.android.gms:play-services-basement:18.4.0] AndroidManifest.xml:6:66-119
112
113        <service
113-->[androidx.work:work-multiprocess:2.7.0] AndroidManifest.xml:25:9-27:40
114            android:name="androidx.work.multiprocess.RemoteWorkManagerService"
114-->[androidx.work:work-multiprocess:2.7.0] AndroidManifest.xml:26:13-79
115            android:exported="false" />
115-->[androidx.work:work-multiprocess:2.7.0] AndroidManifest.xml:27:13-37
116
117        <provider
117-->[androidx.work:work-runtime:2.7.0] AndroidManifest.xml:31:9-39:20
118            android:name="androidx.startup.InitializationProvider"
118-->[androidx.work:work-runtime:2.7.0] AndroidManifest.xml:32:13-67
119            android:authorities="com.petanalyzer.androidx-startup"
119-->[androidx.work:work-runtime:2.7.0] AndroidManifest.xml:33:13-68
120            android:exported="false" >
120-->[androidx.work:work-runtime:2.7.0] AndroidManifest.xml:34:13-37
121            <meta-data
121-->[androidx.work:work-runtime:2.7.0] AndroidManifest.xml:36:13-38:52
122                android:name="androidx.work.WorkManagerInitializer"
122-->[androidx.work:work-runtime:2.7.0] AndroidManifest.xml:37:17-68
123                android:value="androidx.startup" />
123-->[androidx.work:work-runtime:2.7.0] AndroidManifest.xml:38:17-49
124            <meta-data
124-->[androidx.emoji2:emoji2:1.3.0] AndroidManifest.xml:29:13-31:52
125                android:name="androidx.emoji2.text.EmojiCompatInitializer"
125-->[androidx.emoji2:emoji2:1.3.0] AndroidManifest.xml:30:17-75
126                android:value="androidx.startup" />
126-->[androidx.emoji2:emoji2:1.3.0] AndroidManifest.xml:31:17-49
127            <meta-data
127-->[androidx.lifecycle:lifecycle-process:2.7.0] AndroidManifest.xml:29:13-31:52
128                android:name="androidx.lifecycle.ProcessLifecycleInitializer"
128-->[androidx.lifecycle:lifecycle-process:2.7.0] AndroidManifest.xml:30:17-78
129                android:value="androidx.startup" />
129-->[androidx.lifecycle:lifecycle-process:2.7.0] AndroidManifest.xml:31:17-49
130            <meta-data
130-->[androidx.profileinstaller:profileinstaller:1.3.0] AndroidManifest.xml:29:13-31:52
131                android:name="androidx.profileinstaller.ProfileInstallerInitializer"
131-->[androidx.profileinstaller:profileinstaller:1.3.0] AndroidManifest.xml:30:17-85
132                android:value="androidx.startup" />
132-->[androidx.profileinstaller:profileinstaller:1.3.0] AndroidManifest.xml:31:17-49
133        </provider>
134
135        <service
135-->[androidx.work:work-runtime:2.7.0] AndroidManifest.xml:41:9-46:35
136            android:name="androidx.work.impl.background.systemalarm.SystemAlarmService"
136-->[androidx.work:work-runtime:2.7.0] AndroidManifest.xml:42:13-88
137            android:directBootAware="false"
137-->[androidx.work:work-runtime:2.7.0] AndroidManifest.xml:43:13-44
138            android:enabled="@bool/enable_system_alarm_service_default"
138-->[androidx.work:work-runtime:2.7.0] AndroidManifest.xml:44:13-72
139            android:exported="false" />
139-->[androidx.work:work-runtime:2.7.0] AndroidManifest.xml:45:13-37
140        <service
140-->[androidx.work:work-runtime:2.7.0] AndroidManifest.xml:47:9-53:35
141            android:name="androidx.work.impl.background.systemjob.SystemJobService"
141-->[androidx.work:work-runtime:2.7.0] AndroidManifest.xml:48:13-84
142            android:directBootAware="false"
142-->[androidx.work:work-runtime:2.7.0] AndroidManifest.xml:49:13-44
143            android:enabled="@bool/enable_system_job_service_default"
143-->[androidx.work:work-runtime:2.7.0] AndroidManifest.xml:50:13-70
144            android:exported="true"
144-->[androidx.work:work-runtime:2.7.0] AndroidManifest.xml:51:13-36
145            android:permission="android.permission.BIND_JOB_SERVICE" />
145-->[androidx.work:work-runtime:2.7.0] AndroidManifest.xml:52:13-69
146        <service
146-->[androidx.work:work-runtime:2.7.0] AndroidManifest.xml:54:9-59:35
147            android:name="androidx.work.impl.foreground.SystemForegroundService"
147-->[androidx.work:work-runtime:2.7.0] AndroidManifest.xml:55:13-81
148            android:directBootAware="false"
148-->[androidx.work:work-runtime:2.7.0] AndroidManifest.xml:56:13-44
149            android:enabled="@bool/enable_system_foreground_service_default"
149-->[androidx.work:work-runtime:2.7.0] AndroidManifest.xml:57:13-77
150            android:exported="false" />
150-->[androidx.work:work-runtime:2.7.0] AndroidManifest.xml:58:13-37
151
152        <receiver
152-->[androidx.work:work-runtime:2.7.0] AndroidManifest.xml:61:9-66:35
153            android:name="androidx.work.impl.utils.ForceStopRunnable$BroadcastReceiver"
153-->[androidx.work:work-runtime:2.7.0] AndroidManifest.xml:62:13-88
154            android:directBootAware="false"
154-->[androidx.work:work-runtime:2.7.0] AndroidManifest.xml:63:13-44
155            android:enabled="true"
155-->[androidx.work:work-runtime:2.7.0] AndroidManifest.xml:64:13-35
156            android:exported="false" />
156-->[androidx.work:work-runtime:2.7.0] AndroidManifest.xml:65:13-37
157        <receiver
157-->[androidx.work:work-runtime:2.7.0] AndroidManifest.xml:67:9-77:20
158            android:name="androidx.work.impl.background.systemalarm.ConstraintProxy$BatteryChargingProxy"
158-->[androidx.work:work-runtime:2.7.0] AndroidManifest.xml:68:13-106
159            android:directBootAware="false"
159-->[androidx.work:work-runtime:2.7.0] AndroidManifest.xml:69:13-44
160            android:enabled="false"
160-->[androidx.work:work-runtime:2.7.0] AndroidManifest.xml:70:13-36
161            android:exported="false" >
161-->[androidx.work:work-runtime:2.7.0] AndroidManifest.xml:71:13-37
162            <intent-filter>
162-->[androidx.work:work-runtime:2.7.0] AndroidManifest.xml:73:13-76:29
163                <action android:name="android.intent.action.ACTION_POWER_CONNECTED" />
163-->[androidx.work:work-runtime:2.7.0] AndroidManifest.xml:74:17-87
163-->[androidx.work:work-runtime:2.7.0] AndroidManifest.xml:74:25-84
164                <action android:name="android.intent.action.ACTION_POWER_DISCONNECTED" />
164-->[androidx.work:work-runtime:2.7.0] AndroidManifest.xml:75:17-90
164-->[androidx.work:work-runtime:2.7.0] AndroidManifest.xml:75:25-87
165            </intent-filter>
166        </receiver>
167        <receiver
167-->[androidx.work:work-runtime:2.7.0] AndroidManifest.xml:78:9-88:20
168            android:name="androidx.work.impl.background.systemalarm.ConstraintProxy$BatteryNotLowProxy"
168-->[androidx.work:work-runtime:2.7.0] AndroidManifest.xml:79:13-104
169            android:directBootAware="false"
169-->[androidx.work:work-runtime:2.7.0] AndroidManifest.xml:80:13-44
170            android:enabled="false"
170-->[androidx.work:work-runtime:2.7.0] AndroidManifest.xml:81:13-36
171            android:exported="false" >
171-->[androidx.work:work-runtime:2.7.0] AndroidManifest.xml:82:13-37
172            <intent-filter>
172-->[androidx.work:work-runtime:2.7.0] AndroidManifest.xml:84:13-87:29
173                <action android:name="android.intent.action.BATTERY_OKAY" />
173-->[androidx.work:work-runtime:2.7.0] AndroidManifest.xml:85:17-77
173-->[androidx.work:work-runtime:2.7.0] AndroidManifest.xml:85:25-74
174                <action android:name="android.intent.action.BATTERY_LOW" />
174-->[androidx.work:work-runtime:2.7.0] AndroidManifest.xml:86:17-76
174-->[androidx.work:work-runtime:2.7.0] AndroidManifest.xml:86:25-73
175            </intent-filter>
176        </receiver>
177        <receiver
177-->[androidx.work:work-runtime:2.7.0] AndroidManifest.xml:89:9-99:20
178            android:name="androidx.work.impl.background.systemalarm.ConstraintProxy$StorageNotLowProxy"
178-->[androidx.work:work-runtime:2.7.0] AndroidManifest.xml:90:13-104
179            android:directBootAware="false"
179-->[androidx.work:work-runtime:2.7.0] AndroidManifest.xml:91:13-44
180            android:enabled="false"
180-->[androidx.work:work-runtime:2.7.0] AndroidManifest.xml:92:13-36
181            android:exported="false" >
181-->[androidx.work:work-runtime:2.7.0] AndroidManifest.xml:93:13-37
182            <intent-filter>
182-->[androidx.work:work-runtime:2.7.0] AndroidManifest.xml:95:13-98:29
183                <action android:name="android.intent.action.DEVICE_STORAGE_LOW" />
183-->[androidx.work:work-runtime:2.7.0] AndroidManifest.xml:96:17-83
183-->[androidx.work:work-runtime:2.7.0] AndroidManifest.xml:96:25-80
184                <action android:name="android.intent.action.DEVICE_STORAGE_OK" />
184-->[androidx.work:work-runtime:2.7.0] AndroidManifest.xml:97:17-82
184-->[androidx.work:work-runtime:2.7.0] AndroidManifest.xml:97:25-79
185            </intent-filter>
186        </receiver>
187        <receiver
187-->[androidx.work:work-runtime:2.7.0] AndroidManifest.xml:100:9-109:20
188            android:name="androidx.work.impl.background.systemalarm.ConstraintProxy$NetworkStateProxy"
188-->[androidx.work:work-runtime:2.7.0] AndroidManifest.xml:101:13-103
189            android:directBootAware="false"
189-->[androidx.work:work-runtime:2.7.0] AndroidManifest.xml:102:13-44
190            android:enabled="false"
190-->[androidx.work:work-runtime:2.7.0] AndroidManifest.xml:103:13-36
191            android:exported="false" >
191-->[androidx.work:work-runtime:2.7.0] AndroidManifest.xml:104:13-37
192            <intent-filter>
192-->[androidx.work:work-runtime:2.7.0] AndroidManifest.xml:106:13-108:29
193                <action android:name="android.net.conn.CONNECTIVITY_CHANGE" />
193-->[androidx.work:work-runtime:2.7.0] AndroidManifest.xml:107:17-79
193-->[androidx.work:work-runtime:2.7.0] AndroidManifest.xml:107:25-76
194            </intent-filter>
195        </receiver>
196        <receiver
196-->[androidx.work:work-runtime:2.7.0] AndroidManifest.xml:110:9-121:20
197            android:name="androidx.work.impl.background.systemalarm.RescheduleReceiver"
197-->[androidx.work:work-runtime:2.7.0] AndroidManifest.xml:111:13-88
198            android:directBootAware="false"
198-->[androidx.work:work-runtime:2.7.0] AndroidManifest.xml:112:13-44
199            android:enabled="false"
199-->[androidx.work:work-runtime:2.7.0] AndroidManifest.xml:113:13-36
200            android:exported="false" >
200-->[androidx.work:work-runtime:2.7.0] AndroidManifest.xml:114:13-37
201            <intent-filter>
201-->[androidx.work:work-runtime:2.7.0] AndroidManifest.xml:116:13-120:29
202                <action android:name="android.intent.action.BOOT_COMPLETED" />
202-->[androidx.work:work-runtime:2.7.0] AndroidManifest.xml:117:17-79
202-->[androidx.work:work-runtime:2.7.0] AndroidManifest.xml:117:25-76
203                <action android:name="android.intent.action.TIME_SET" />
203-->[androidx.work:work-runtime:2.7.0] AndroidManifest.xml:118:17-73
203-->[androidx.work:work-runtime:2.7.0] AndroidManifest.xml:118:25-70
204                <action android:name="android.intent.action.TIMEZONE_CHANGED" />
204-->[androidx.work:work-runtime:2.7.0] AndroidManifest.xml:119:17-81
204-->[androidx.work:work-runtime:2.7.0] AndroidManifest.xml:119:25-78
205            </intent-filter>
206        </receiver>
207        <receiver
207-->[androidx.work:work-runtime:2.7.0] AndroidManifest.xml:122:9-131:20
208            android:name="androidx.work.impl.background.systemalarm.ConstraintProxyUpdateReceiver"
208-->[androidx.work:work-runtime:2.7.0] AndroidManifest.xml:123:13-99
209            android:directBootAware="false"
209-->[androidx.work:work-runtime:2.7.0] AndroidManifest.xml:124:13-44
210            android:enabled="@bool/enable_system_alarm_service_default"
210-->[androidx.work:work-runtime:2.7.0] AndroidManifest.xml:125:13-72
211            android:exported="false" >
211-->[androidx.work:work-runtime:2.7.0] AndroidManifest.xml:126:13-37
212            <intent-filter>
212-->[androidx.work:work-runtime:2.7.0] AndroidManifest.xml:128:13-130:29
213                <action android:name="androidx.work.impl.background.systemalarm.UpdateProxies" />
213-->[androidx.work:work-runtime:2.7.0] AndroidManifest.xml:129:17-98
213-->[androidx.work:work-runtime:2.7.0] AndroidManifest.xml:129:25-95
214            </intent-filter>
215        </receiver>
216        <receiver
216-->[androidx.work:work-runtime:2.7.0] AndroidManifest.xml:132:9-142:20
217            android:name="androidx.work.impl.diagnostics.DiagnosticsReceiver"
217-->[androidx.work:work-runtime:2.7.0] AndroidManifest.xml:133:13-78
218            android:directBootAware="false"
218-->[androidx.work:work-runtime:2.7.0] AndroidManifest.xml:134:13-44
219            android:enabled="true"
219-->[androidx.work:work-runtime:2.7.0] AndroidManifest.xml:135:13-35
220            android:exported="true"
220-->[androidx.work:work-runtime:2.7.0] AndroidManifest.xml:136:13-36
221            android:permission="android.permission.DUMP" >
221-->[androidx.work:work-runtime:2.7.0] AndroidManifest.xml:137:13-57
222            <intent-filter>
222-->[androidx.work:work-runtime:2.7.0] AndroidManifest.xml:139:13-141:29
223                <action android:name="androidx.work.diagnostics.REQUEST_DIAGNOSTICS" />
223-->[androidx.work:work-runtime:2.7.0] AndroidManifest.xml:140:17-88
223-->[androidx.work:work-runtime:2.7.0] AndroidManifest.xml:140:25-85
224            </intent-filter>
225        </receiver>
226
227        <activity
227-->[androidx.compose.ui:ui-tooling-android:1.6.1] AndroidManifest.xml:23:9-25:39
228            android:name="androidx.compose.ui.tooling.PreviewActivity"
228-->[androidx.compose.ui:ui-tooling-android:1.6.1] AndroidManifest.xml:24:13-71
229            android:exported="true" />
229-->[androidx.compose.ui:ui-tooling-android:1.6.1] AndroidManifest.xml:25:13-36
230
231        <service
231-->[com.google.android.datatransport:transport-backend-cct:2.3.3] AndroidManifest.xml:29:9-35:19
232            android:name="com.google.android.datatransport.runtime.backends.TransportBackendDiscovery"
232-->[com.google.android.datatransport:transport-backend-cct:2.3.3] AndroidManifest.xml:30:13-103
233            android:exported="false" >
233-->[com.google.android.datatransport:transport-backend-cct:2.3.3] AndroidManifest.xml:31:13-37
234            <meta-data
234-->[com.google.android.datatransport:transport-backend-cct:2.3.3] AndroidManifest.xml:32:13-34:39
235                android:name="backend:com.google.android.datatransport.cct.CctBackendFactory"
235-->[com.google.android.datatransport:transport-backend-cct:2.3.3] AndroidManifest.xml:33:17-94
236                android:value="cct" />
236-->[com.google.android.datatransport:transport-backend-cct:2.3.3] AndroidManifest.xml:34:17-36
237        </service>
238        <service
238-->[com.google.android.datatransport:transport-runtime:2.2.6] AndroidManifest.xml:26:9-30:19
239            android:name="com.google.android.datatransport.runtime.scheduling.jobscheduling.JobInfoSchedulerService"
239-->[com.google.android.datatransport:transport-runtime:2.2.6] AndroidManifest.xml:27:13-117
240            android:exported="false"
240-->[com.google.android.datatransport:transport-runtime:2.2.6] AndroidManifest.xml:28:13-37
241            android:permission="android.permission.BIND_JOB_SERVICE" >
241-->[com.google.android.datatransport:transport-runtime:2.2.6] AndroidManifest.xml:29:13-69
242        </service>
243
244        <receiver
244-->[com.google.android.datatransport:transport-runtime:2.2.6] AndroidManifest.xml:32:9-34:40
245            android:name="com.google.android.datatransport.runtime.scheduling.jobscheduling.AlarmManagerSchedulerBroadcastReceiver"
245-->[com.google.android.datatransport:transport-runtime:2.2.6] AndroidManifest.xml:33:13-132
246            android:exported="false" />
246-->[com.google.android.datatransport:transport-runtime:2.2.6] AndroidManifest.xml:34:13-37
247
248        <service
248-->[androidx.room:room-runtime:2.2.5] AndroidManifest.xml:25:9-28:40
249            android:name="androidx.room.MultiInstanceInvalidationService"
249-->[androidx.room:room-runtime:2.2.5] AndroidManifest.xml:26:13-74
250            android:directBootAware="true"
250-->[androidx.room:room-runtime:2.2.5] AndroidManifest.xml:27:13-43
251            android:exported="false" />
251-->[androidx.room:room-runtime:2.2.5] AndroidManifest.xml:28:13-37
252
253        <receiver
253-->[androidx.profileinstaller:profileinstaller:1.3.0] AndroidManifest.xml:34:9-52:20
254            android:name="androidx.profileinstaller.ProfileInstallReceiver"
254-->[androidx.profileinstaller:profileinstaller:1.3.0] AndroidManifest.xml:35:13-76
255            android:directBootAware="false"
255-->[androidx.profileinstaller:profileinstaller:1.3.0] AndroidManifest.xml:36:13-44
256            android:enabled="true"
256-->[androidx.profileinstaller:profileinstaller:1.3.0] AndroidManifest.xml:37:13-35
257            android:exported="true"
257-->[androidx.profileinstaller:profileinstaller:1.3.0] AndroidManifest.xml:38:13-36
258            android:permission="android.permission.DUMP" >
258-->[androidx.profileinstaller:profileinstaller:1.3.0] AndroidManifest.xml:39:13-57
259            <intent-filter>
259-->[androidx.profileinstaller:profileinstaller:1.3.0] AndroidManifest.xml:40:13-42:29
260                <action android:name="androidx.profileinstaller.action.INSTALL_PROFILE" />
260-->[androidx.profileinstaller:profileinstaller:1.3.0] AndroidManifest.xml:41:17-91
260-->[androidx.profileinstaller:profileinstaller:1.3.0] AndroidManifest.xml:41:25-88
261            </intent-filter>
262            <intent-filter>
262-->[androidx.profileinstaller:profileinstaller:1.3.0] AndroidManifest.xml:43:13-45:29
263                <action android:name="androidx.profileinstaller.action.SKIP_FILE" />
263-->[androidx.profileinstaller:profileinstaller:1.3.0] AndroidManifest.xml:44:17-85
263-->[androidx.profileinstaller:profileinstaller:1.3.0] AndroidManifest.xml:44:25-82
264            </intent-filter>
265            <intent-filter>
265-->[androidx.profileinstaller:profileinstaller:1.3.0] AndroidManifest.xml:46:13-48:29
266                <action android:name="androidx.profileinstaller.action.SAVE_PROFILE" />
266-->[androidx.profileinstaller:profileinstaller:1.3.0] AndroidManifest.xml:47:17-88
266-->[androidx.profileinstaller:profileinstaller:1.3.0] AndroidManifest.xml:47:25-85
267            </intent-filter>
268            <intent-filter>
268-->[androidx.profileinstaller:profileinstaller:1.3.0] AndroidManifest.xml:49:13-51:29
269                <action android:name="androidx.profileinstaller.action.BENCHMARK_OPERATION" />